Flow report for Compsys305-DMinus-Flappy-Grades
Fri Jun 05 12:48:53 2020
Quartus II 64-Bit Version 13.0.0 Build 156 04/24/2013 SJ Web Edition


---------------------
; Table of Contents ;
---------------------
  1. Legal Notice
  2. Flow Summary
  3. Flow Settings
  4. Flow Non-Default Global Settings
  5. Flow Elapsed Time
  6. Flow OS Summary
  7. Flow Log
  8. Flow Messages
  9. Flow Suppressed Messages



----------------
; Legal Notice ;
----------------
Copyright (C) 1991-2013 Altera Corporation
Your use of Altera Corporation's design tools, logic functions 
and other software and tools, and its AMPP partner logic 
functions, and any output files from any of the foregoing 
(including device programming or simulation files), and any 
associated documentation or information are expressly subject 
to the terms and conditions of the Altera Program License 
Subscription Agreement, Altera MegaCore Function License 
Agreement, or other applicable license agreement, including, 
without limitation, that your use is for the sole purpose of 
programming logic devices manufactured by Altera and sold by 
Altera or its authorized distributors.  Please refer to the 
applicable agreement for further details.



+---------------------------------------------------------------------------------+
; Flow Summary                                                                    ;
+------------------------------------+--------------------------------------------+
; Flow Status                        ; Successful - Fri Jun 05 12:48:53 2020      ;
; Quartus II 64-Bit Version          ; 13.0.0 Build 156 04/24/2013 SJ Web Edition ;
; Revision Name                      ; Compsys305-DMinus-Flappy-Grades            ;
; Top-level Entity Name              ; Flappy-Grades                              ;
; Family                             ; Cyclone III                                ;
; Device                             ; EP3C16F484C6                               ;
; Timing Models                      ; Final                                      ;
; Total logic elements               ; 2,755 / 15,408 ( 18 % )                    ;
;     Total combinational functions  ; 2,688 / 15,408 ( 17 % )                    ;
;     Dedicated logic registers      ; 446 / 15,408 ( 3 % )                       ;
; Total registers                    ; 446                                        ;
; Total pins                         ; 42 / 347 ( 12 % )                          ;
; Total virtual pins                 ; 0                                          ;
; Total memory bits                  ; 34,816 / 516,096 ( 7 % )                   ;
; Embedded Multiplier 9-bit elements ; 0 / 112 ( 0 % )                            ;
; Total PLLs                         ; 1 / 4 ( 25 % )                             ;
+------------------------------------+--------------------------------------------+


+-----------------------------------------------------+
; Flow Settings                                       ;
+-------------------+---------------------------------+
; Option            ; Setting                         ;
+-------------------+---------------------------------+
; Start date & time ; 06/05/2020 12:47:40             ;
; Main task         ; Compilation                     ;
; Revision Name     ; Compsys305-DMinus-Flappy-Grades ;
+-------------------+---------------------------------+


+------------------------------------------------------------------------------------------------------------------------------------------------+
; Flow Non-Default Global Settings                                                                                                               ;
+-------------------------------------+---------------------------------------+---------------------------------+---------------+----------------+
; Assignment Name                     ; Value                                 ; Default Value                   ; Entity Name   ; Section Id     ;
+-------------------------------------+---------------------------------------+---------------------------------+---------------+----------------+
; COMPILER_SIGNATURE_ID               ; 134660530377028.159131806032292       ; --                              ; --            ; --             ;
; EDA_OUTPUT_DATA_FORMAT              ; Vhdl                                  ; --                              ; --            ; eda_simulation ;
; EDA_SIMULATION_TOOL                 ; ModelSim-Altera (VHDL)                ; <None>                          ; --            ; --             ;
; IP_TOOL_NAME                        ; ALTPLL                                ; --                              ; --            ; --             ;
; IP_TOOL_VERSION                     ; 13.0                                  ; --                              ; --            ; --             ;
; MAX_CORE_JUNCTION_TEMP              ; 85                                    ; --                              ; --            ; --             ;
; MIN_CORE_JUNCTION_TEMP              ; 0                                     ; --                              ; --            ; --             ;
; MISC_FILE                           ; resources/altpll0.bsf                 ; --                              ; --            ; --             ;
; MISC_FILE                           ; resources/altpll0.cmp                 ; --                              ; --            ; --             ;
; MISC_FILE                           ; resources/altpll0.ppf                 ; --                              ; --            ; --             ;
; OUTPUT_IO_TIMING_FAR_END_VMEAS      ; Half Signal Swing                     ; --                              ; --            ; --             ;
; OUTPUT_IO_TIMING_FAR_END_VMEAS      ; Half Signal Swing                     ; --                              ; --            ; --             ;
; OUTPUT_IO_TIMING_NEAR_END_VMEAS     ; Half Vccio                            ; --                              ; --            ; --             ;
; OUTPUT_IO_TIMING_NEAR_END_VMEAS     ; Half Vccio                            ; --                              ; --            ; --             ;
; PARTITION_COLOR                     ; 16764057                              ; --                              ; Flappy-Grades ; Top            ;
; PARTITION_FITTER_PRESERVATION_LEVEL ; PLACEMENT_AND_ROUTING                 ; --                              ; Flappy-Grades ; Top            ;
; PARTITION_NETLIST_TYPE              ; SOURCE                                ; --                              ; Flappy-Grades ; Top            ;
; POWER_BOARD_THERMAL_MODEL           ; None (CONSERVATIVE)                   ; --                              ; --            ; --             ;
; POWER_PRESET_COOLING_SOLUTION       ; 23 MM HEAT SINK WITH 200 LFPM AIRFLOW ; --                              ; --            ; --             ;
; PROJECT_OUTPUT_DIRECTORY            ; output_files                          ; --                              ; --            ; --             ;
; TOP_LEVEL_ENTITY                    ; Flappy-Grades                         ; Compsys305-DMinus-Flappy-Grades ; --            ; --             ;
+-------------------------------------+---------------------------------------+---------------------------------+---------------+----------------+


+-------------------------------------------------------------------------------------------------------------------------------+
; Flow Elapsed Time                                                                                                             ;
+---------------------------+--------------+-------------------------+---------------------+------------------------------------+
; Module Name               ; Elapsed Time ; Average Processors Used ; Peak Virtual Memory ; Total CPU Time (on all processors) ;
+---------------------------+--------------+-------------------------+---------------------+------------------------------------+
; Analysis & Synthesis      ; 00:00:13     ; 1.0                     ; 4655 MB             ; 00:00:13                           ;
; Fitter                    ; 00:00:41     ; 1.0                     ; 4940 MB             ; 00:00:38                           ;
; Assembler                 ; 00:00:02     ; 1.0                     ; 4548 MB             ; 00:00:02                           ;
; TimeQuest Timing Analyzer ; 00:00:06     ; 1.0                     ; 4635 MB             ; 00:00:05                           ;
; EDA Netlist Writer        ; 00:00:05     ; 1.0                     ; 4543 MB             ; 00:00:04                           ;
; Total                     ; 00:01:07     ; --                      ; --                  ; 00:01:02                           ;
+---------------------------+--------------+-------------------------+---------------------+------------------------------------+


+----------------------------------------------------------------------------------------+
; Flow OS Summary                                                                        ;
+---------------------------+------------------+-----------+------------+----------------+
; Module Name               ; Machine Hostname ; OS Name   ; OS Version ; Processor type ;
+---------------------------+------------------+-----------+------------+----------------+
; Analysis & Synthesis      ; LAPTOP-N5SAVBVA  ; Windows 7 ; 6.2        ; x86_64         ;
; Fitter                    ; LAPTOP-N5SAVBVA  ; Windows 7 ; 6.2        ; x86_64         ;
; Assembler                 ; LAPTOP-N5SAVBVA  ; Windows 7 ; 6.2        ; x86_64         ;
; TimeQuest Timing Analyzer ; LAPTOP-N5SAVBVA  ; Windows 7 ; 6.2        ; x86_64         ;
; EDA Netlist Writer        ; LAPTOP-N5SAVBVA  ; Windows 7 ; 6.2        ; x86_64         ;
+---------------------------+------------------+-----------+------------+----------------+


------------
; Flow Log ;
------------
quartus_map --read_settings_files=on --write_settings_files=off Compsys305-DMinus-Flappy-Grades -c Compsys305-DMinus-Flappy-Grades
quartus_fit --read_settings_files=off --write_settings_files=off Compsys305-DMinus-Flappy-Grades -c Compsys305-DMinus-Flappy-Grades
quartus_asm --read_settings_files=off --write_settings_files=off Compsys305-DMinus-Flappy-Grades -c Compsys305-DMinus-Flappy-Grades
quartus_sta Compsys305-DMinus-Flappy-Grades -c Compsys305-DMinus-Flappy-Grades
quartus_eda --read_settings_files=off --write_settings_files=off Compsys305-DMinus-Flappy-Grades -c Compsys305-DMinus-Flappy-Grades



